[    0.000000] Initializing cgroup subsys cpuset
[    0.000000] Initializing cgroup subsys cpu
[    0.000000] Initializing cgroup subsys cpuacct
[    0.000000] Linux version 4.4.0-165-generic (buildd@lgw01-amd64-027) (gcc version 5.4.0 20160609 (Ubuntu 5.4.0-6ubuntu1~16.04.10) ) #193-Ubuntu SMP Tue Sep 17 17:42:52 UTC 2019 (Ubuntu 4.4.0-165.193-generic 4.4.189)
[    0.000000] Command line: BOOT_IMAGE=/boot/vmlinuz-4.4.0-165-generic root=LABEL=cloudimg-rootfs ro console=tty1 console=ttyS0
[    0.000000] KERNEL supported cpus:
[    0.000000]   Intel GenuineIntel
[    0.000000]   AMD AuthenticAMD
[    0.000000]   Centaur CentaurHauls
[    0.000000] x86/fpu: xstate_offset[2]:  576, xstate_sizes[2]:  256
[    0.000000] x86/fpu: Supporting XSAVE feature 0x01: 'x87 floating point registers'
[    0.000000] x86/fpu: Supporting XSAVE feature 0x02: 'SSE registers'
[    0.000000] x86/fpu: Supporting XSAVE feature 0x04: 'AVX registers'
[    0.000000] x86/fpu: Enabled xstate features 0x7, context size is 832 bytes, using 'standard' format.
[    0.000000] e820: BIOS-provided physical RAM map:
[    0.000000] BIOS-e820: [mem 0x0000000000000000-0x000000000009fbff] usable
[    0.000000] BIOS-e820: [mem 0x000000000009fc00-0x000000000009ffff] reserved
[    0.000000] BIOS-e820: [mem 0x00000000000f0000-0x00000000000fffff] reserved
[    0.000000] BIOS-e820: [mem 0x0000000000100000-0x000000003ffeffff] usable
[    0.000000] BIOS-e820: [mem 0x000000003fff0000-0x000000003fffffff] ACPI data
[    0.000000] BIOS-e820: [mem 0x00000000fec00000-0x00000000fec00fff] reserved
[    0.000000] BIOS-e820: [mem 0x00000000fee00000-0x00000000fee00fff] reserved
[    0.000000] BIOS-e820: [mem 0x00000000fffc0000-0x00000000ffffffff] reserved
[    0.000000] NX (Execute Disable) protection: active
[    0.000000] SMBIOS 2.5 present.
[    0.000000] Hypervisor detected: KVM
[    0.000000] e820: last_pfn = 0x3fff0 max_arch_pfn = 0x400000000
[    0.000000] MTRR: Disabled
[    0.000000] x86/PAT: MTRRs disabled, skipping PAT initialization too.
[    0.000000] CPU MTRRs all blank - virtualized system.
[    0.000000] x86/PAT: Configuration [0-7]: WB  WT  UC- UC  WB  WT  UC- UC  
[    0.000000] found SMP MP-table at [mem 0x0009fff0-0x0009ffff] mapped at [ffff88000009fff0]
[    0.000000] Scanning 1 areas for low memory corruption
[    0.000000] RAMDISK: [mem 0x362fa000-0x37174fff]
[    0.000000] ACPI: Early table checksum verification disabled
[    0.000000] ACPI: RSDP 0x00000000000E0000 000024 (v02 VBOX  )
[    0.000000] ACPI: XSDT 0x000000003FFF0030 00003C (v01 VBOX   VBOXXSDT 00000001 ASL  00000061)
[    0.000000] ACPI: FACP 0x000000003FFF00F0 0000F4 (v04 VBOX   VBOXFACP 00000001 ASL  00000061)
[    0.000000] ACPI: DSDT 0x000000003FFF0470 0022EA (v02 VBOX   VBOXBIOS 00000002 INTL 20100528)
[    0.000000] ACPI: FACS 0x000000003FFF0200 000040
[    0.000000] ACPI: FACS 0x000000003FFF0200 000040
[    0.000000] ACPI: APIC 0x000000003FFF0240 00005C (v02 VBOX   VBOXAPIC 00000001 ASL  00000061)
[    0.000000] ACPI: SSDT 0x000000003FFF02A0 0001CC (v01 VBOX   VBOXCPUT 00000002 INTL 20100528)
[    0.000000] No NUMA configuration found
[    0.000000] Faking a node at [mem 0x0000000000000000-0x000000003ffeffff]
[    0.000000] NODE_DATA(0) allocated [mem 0x3ffeb000-0x3ffeffff]
[    0.000000] kvm-clock: Using msrs 4b564d01 and 4b564d00
[    0.000000] kvm-clock: cpu 0, msr 0:3ffe3001, primary cpu clock
[    0.000000] kvm-clock: using sched offset of 3886323312 cycles
[    0.000000] clocksource: kvm-clock: mask: 0xffffffffffffffff max_cycles: 0x1cd42e4dffb, max_idle_ns: 881590591483 ns
[    0.000000] Zone ranges:
[    0.000000]   DMA      [mem 0x0000000000001000-0x0000000000ffffff]
[    0.000000]   DMA32    [mem 0x0000000001000000-0x000000003ffeffff]
[    0.000000]   Normal   empty
[    0.000000]   Device   empty
[    0.000000] Movable zone start for each node
[    0.000000] Early memory node ranges
[    0.000000]   node   0: [mem 0x0000000000001000-0x000000000009efff]
[    0.000000]   node   0: [mem 0x0000000000100000-0x000000003ffeffff]
[    0.000000] Initmem setup node 0 [mem 0x0000000000001000-0x000000003ffeffff]
[    0.000000] ACPI: PM-Timer IO Port: 0x4008
[    0.000000] IOAPIC[0]: apic_id 2, version 32, address 0xfec00000, GSI 0-23
[    0.000000] ACPI: INT_SRC_OVR (bus 0 bus_irq 0 global_irq 2 dfl dfl)
[    0.000000] ACPI: INT_SRC_OVR (bus 0 bus_irq 9 global_irq 9 low level)
[    0.000000] Using ACPI (MADT) for SMP configuration information
[    0.000000] smpboot: Allowing 2 CPUs, 0 hotplug CPUs
[    0.000000] PM: Registered nosave memory: [mem 0x00000000-0x00000fff]
[    0.000000] PM: Registered nosave memory: [mem 0x0009f000-0x0009ffff]
[    0.000000] PM: Registered nosave memory: [mem 0x000a0000-0x000effff]
[    0.000000] PM: Registered nosave memory: [mem 0x000f0000-0x000fffff]
[    0.000000] e820: [mem 0x40000000-0xfebfffff] available for PCI devices
[    0.000000] Booting paravirtualized kernel on KVM
[    0.000000] clocksource: refined-jiffies: mask: 0xffffffff max_cycles: 0xffffffff, max_idle_ns: 7645519600211568 ns
[    0.000000] setup_percpu: NR_CPUS:512 nr_cpumask_bits:512 nr_cpu_ids:2 nr_node_ids:1
[    0.000000] PERCPU: Embedded 34 pages/cpu @ffff88003fc00000 s99544 r8192 d31528 u1048576
[    0.000000] Built 1 zonelists in Node order, mobility grouping on.  Total pages: 257912
[    0.000000] Policy zone: DMA32
[    0.000000] Kernel command line: BOOT_IMAGE=/boot/vmlinuz-4.4.0-165-generic root=LABEL=cloudimg-rootfs ro console=tty1 console=ttyS0
[    0.000000] PID hash table entries: 4096 (order: 3, 32768 bytes)
[    0.000000] Memory: 997732K/1048120K available (8621K kernel code, 1335K rwdata, 4032K rodata, 1484K init, 1284K bss, 50388K reserved, 0K cma-reserved)
[    0.000000] SLUB: HWalign=64, Order=0-3, MinObjects=0, CPUs=2, Nodes=1
[    0.000000] Kernel/User page tables isolation: enabled
[    0.000000] Hierarchical RCU implementation.
[    0.000000] 	Build-time adjustment of leaf fanout to 64.
[    0.000000] 	RCU restricting CPUs from NR_CPUS=512 to nr_cpu_ids=2.
[    0.000000] RCU: Adjusting geometry for rcu_fanout_leaf=64, nr_cpu_ids=2
[    0.000000] NR_IRQS:33024 nr_irqs:440 16
[    0.000000] Console: colour VGA+ 80x25
[    0.000000] console [tty1] enabled
[    0.000000] console [ttyS0] enabled
[    0.000000] tsc: Detected 2712.002 MHz processor
[    0.275065] Calibrating delay loop (skipped) preset value.. 5424.00 BogoMIPS (lpj=10848008)
[    0.277573] pid_max: default: 32768 minimum: 301
[    0.279237] ACPI: Core revision 20150930
[    0.282907] ACPI: 2 ACPI AML tables successfully acquired and loaded
[    0.284913] Security Framework initialized
[    0.286256] Yama: becoming mindful.
[    0.287369] AppArmor: AppArmor initialized
[    0.288760] Dentry cache hash table entries: 131072 (order: 8, 1048576 bytes)
[    0.294408] Inode-cache hash table entries: 65536 (order: 7, 524288 bytes)
[    0.296936] Mount-cache hash table entries: 2048 (order: 2, 16384 bytes)
[    0.299677] Mountpoint-cache hash table entries: 2048 (order: 2, 16384 bytes)
[    0.303079] Initializing cgroup subsys io
[    0.304716] Initializing cgroup subsys memory
[    0.306619] Initializing cgroup subsys devices
[    0.308838] Initializing cgroup subsys freezer
[    0.311065] Initializing cgroup subsys net_cls
[    0.312938] Initializing cgroup subsys perf_event
[    0.314480] Initializing cgroup subsys net_prio
[    0.316264] Initializing cgroup subsys hugetlb
[    0.318121] Initializing cgroup subsys pids
[    0.321147] mce: CPU supports 0 MCE banks
[    0.323084] Last level iTLB entries: 4KB 64, 2MB 8, 4MB 8
[    0.325166] Last level dTLB entries: 4KB 64, 2MB 0, 4MB 0, 1GB 4
[    0.327954] Spectre V1 : Mitigation: usercopy/swapgs barriers and __user pointer sanitization
[    0.332115] Spectre V2 : Mitigation: Full generic retpoline
[    0.334400] Spectre V2 : Spectre v2 / SpectreRSB mitigation: Filling RSB on context switch
[    0.337594] Speculative Store Bypass: Vulnerable
[    0.339599] MDS: Vulnerable: Clear CPU buffers attempted, no microcode
[    0.347792] Freeing SMP alternatives memory: 36K
[    0.364510] ftrace: allocating 32318 entries in 127 pages
[    0.508202] smpboot: APIC(0) Converting physical 0 to logical package 0
[    0.510395] smpboot: Max logical packages: 1
[    0.512753] x2apic enabled
[    0.514353] Switched APIC routing to physical x2apic.
[    0.519088] ..TIMER: vector=0x30 apic1=0 pin1=2 apic2=-1 pin2=-1
[    0.626265] smpboot: CPU0: Intel(R) Core(TM) i5-7200U CPU @ 2.50GHz (family: 0x6, model: 0x8e, stepping: 0x9)
[    0.630063] Performance Events: unsupported p6 CPU model 142 no PMU driver, software events only.
[    0.653280] KVM setup paravirtual spinlock
[    0.655904] x86: Booting SMP configuration:
[    0.657594] .... node  #0, CPUs:      #1
[    0.659405] kvm-clock: cpu 1, msr 0:3ffe3041, secondary cpu clock
[    0.663262] mce: CPU supports 0 MCE banks
[    0.666142] x86: Booted up 1 node, 2 CPUs
[    0.668210] smpboot: Total of 2 processors activated (10848.00 BogoMIPS)
[    0.671092] devtmpfs: initialized
[    0.675527] evm: security.selinux
[    0.677112] evm: security.SMACK64
[    0.678554] evm: security.SMACK64EXEC
[    0.679966] evm: security.SMACK64TRANSMUTE
[    0.681480] evm: security.SMACK64MMAP
[    0.682907] evm: security.ima
[    0.683966] evm: security.capability
[    0.685530] clocksource: jiffies: mask: 0xffffffff max_cycles: 0xffffffff, max_idle_ns: 7645041785100000 ns
[    0.688821] futex hash table entries: 512 (order: 3, 32768 bytes)
[    0.691076] pinctrl core: initialized pinctrl subsystem
[    0.693161] RTC time:  8:31:19, date: 10/11/19
[    0.695396] NET: Registered protocol family 16
[    0.711293] cpuidle: using governor ladder
[    0.723909] cpuidle: using governor menu
[    0.725680] PCCT header not found.
[    0.727204] ACPI: bus type PCI registered
[    0.728737] acpiphp: ACPI Hot Plug PCI Controller Driver version: 0.5
[    0.731083] PCI: Using configuration type 1 for base access
[    0.748483] ACPI: Added _OSI(Module Device)
[    0.750219] ACPI: Added _OSI(Processor Device)
[    0.751938] ACPI: Added _OSI(3.0 _SCP Extensions)
[    0.753615] ACPI: Added _OSI(Processor Aggregator Device)
[    0.756379] ACPI: Executed 1 blocks of module-level executable AML code
[    0.762849] ACPI: Interpreter enabled
[    0.765085] ACPI: (supports S0 S5)
[    0.767169] ACPI: Using IOAPIC for interrupt routing
[    0.770484] PCI: Using host bridge windows from ACPI; if necessary, use "pci=nocrs" and report a bug
[    0.784059] ACPI: PCI Root Bridge [PCI0] (domain 0000 [bus 00-ff])
[    0.787144] acpi PNP0A03:00: _OSC: OS supports [ASPM ClockPM Segments MSI]
[    0.791302] acpi PNP0A03:00: _OSC: not requesting OS control; OS requires [ExtendedConfig ASPM ClockPM MSI]
[    0.798198] acpi PNP0A03:00: fail to add MMCONFIG information, can't access extended PCI configuration space under this bridge.
[    0.806108] PCI host bridge to bus 0000:00
[    0.808723] pci_bus 0000:00: root bus resource [io  0x0000-0x0cf7 window]
[    0.812493] pci_bus 0000:00: root bus resource [io  0x0d00-0xffff window]
[    0.816122] pci_bus 0000:00: root bus resource [mem 0x000a0000-0x000bffff window]
[    0.821146] pci_bus 0000:00: root bus resource [mem 0x40000000-0xfdffffff window]
[    0.826628] pci_bus 0000:00: root bus resource [bus 00-ff]
[    0.836108] pci 0000:00:01.1: legacy IDE quirk: reg 0x10: [io  0x01f0-0x01f7]
[    0.840959] pci 0000:00:01.1: legacy IDE quirk: reg 0x14: [io  0x03f6]
[    0.844690] pci 0000:00:01.1: legacy IDE quirk: reg 0x18: [io  0x0170-0x0177]
[    0.848552] pci 0000:00:01.1: legacy IDE quirk: reg 0x1c: [io  0x0376]
[    0.903126] pci 0000:00:07.0: quirk: [io  0x4000-0x403f] claimed by PIIX4 ACPI
[    0.906209] pci 0000:00:07.0: quirk: [io  0x4100-0x410f] claimed by PIIX4 SMB
[    0.918239] ACPI: PCI Interrupt Link [LNKA] (IRQs 5 9 10 *11)
[    0.922085] ACPI: PCI Interrupt Link [LNKB] (IRQs 5 9 *10 11)
[    0.925373] ACPI: PCI Interrupt Link [LNKC] (IRQs 5 *9 10 11)
[    0.928039] ACPI: PCI Interrupt Link [LNKD] (IRQs 5 9 10 *11)
[    0.930556] ACPI: Enabled 2 GPEs in block 00 to 07
[    0.933083] vgaarb: setting as boot device: PCI:0000:00:02.0
[    0.935067] vgaarb: device added: PCI:0000:00:02.0,decodes=io+mem,owns=io+mem,locks=none
[    0.937700] vgaarb: loaded
[    0.938842] vgaarb: bridge control possible 0000:00:02.0
[    0.941485] SCSI subsystem initialized
[    0.943423] ACPI: bus type USB registered
[    0.945211] usbcore: registered new interface driver usbfs
[    0.947505] usbcore: registered new interface driver hub
[    0.949674] usbcore: registered new device driver usb
[    0.952426] PCI: Using ACPI for IRQ routing
[    0.954816] NetLabel: Initializing
[    0.955963] NetLabel:  domain hash size = 128
[    0.957348] NetLabel:  protocols = UNLABELED CIPSOv4
[    0.964646] NetLabel:  unlabeled traffic allowed by default
[    0.966746] amd_nb: Cannot enumerate AMD northbridges
[    0.968503] clocksource: Switched to clocksource kvm-clock
[    0.989365] AppArmor: AppArmor Filesystem Enabled
[    0.991090] pnp: PnP ACPI init
[    0.993846] pnp: PnP ACPI: found 3 devices
[    1.015423] clocksource: acpi_pm: mask: 0xffffff max_cycles: 0xffffff, max_idle_ns: 2085701024 ns
[    1.020182] NET: Registered protocol family 2
[    1.022858] TCP established hash table entries: 8192 (order: 4, 65536 bytes)
[    1.026228] TCP bind hash table entries: 8192 (order: 5, 131072 bytes)
[    1.029345] TCP: Hash tables configured (established 8192 bind 8192)
[    1.032390] UDP hash table entries: 512 (order: 2, 16384 bytes)
[    1.035343] UDP-Lite hash table entries: 512 (order: 2, 16384 bytes)
[    1.038601] NET: Registered protocol family 1
[    1.041042] pci 0000:00:00.0: Limiting direct PCI/PCI transfers
[    1.043916] pci 0000:00:01.0: Activating ISA DMA hang workarounds
[    1.047144] Unpacking initramfs...
[    1.490671] Freeing initrd memory: 14828K
[    1.492668] clocksource: tsc: mask: 0xffffffffffffffff max_cycles: 0x2717880cafa, max_idle_ns: 440795252614 ns
[    1.497029] platform rtc_cmos: registered platform RTC device (no PNP device found)
[    1.500285] Scanning for low memory corruption every 60 seconds
[    1.503425] audit: initializing netlink subsys (disabled)
[    1.505185] audit: type=2000 audit(1570782685.692:1): initialized
[    1.507555] Initialise system trusted keyring
[    1.509743] HugeTLB registered 2 MB page size, pre-allocated 0 pages
[    1.513846] zbud: loaded
[    1.515528] VFS: Disk quotas dquot_6.6.0
[    1.517196] VFS: Dquot-cache hash table entries: 512 (order 0, 4096 bytes)
[    1.520432] squashfs: version 4.0 (2009/01/31) Phillip Lougher
[    1.524664] fuse init (API version 7.23)
[    1.527313] Key type big_key registered
[    1.529402] Allocating IMA MOK and blacklist keyrings.
[    1.534988] Key type asymmetric registered
[    1.537133] Asymmetric key parser 'x509' registered
[    1.539796] Block layer SCSI generic (bsg) driver version 0.4 loaded (major 249)
[    1.543480] io scheduler noop registered
[    1.545007] io scheduler deadline registered (default)
[    1.546938] io scheduler cfq registered
[    1.548898] pci_hotplug: PCI Hot Plug PCI Core version: 0.5
[    1.552299] pciehp: PCI Express Hot Plug Controller Driver version: 0.4
[    1.556202] ACPI: AC Adapter [AC] (off-line)
[    1.558368] input: Power Button as /devices/LNXSYSTM:00/LNXPWRBN:00/input/input0
[    1.562909] ACPI: Power Button [PWRF]
[    1.564797] input: Sleep Button as /devices/LNXSYSTM:00/LNXSLPBN:00/input/input1
[    1.567674] ACPI: Sleep Button [SLPF]
[    1.569653] GHES: HEST is not enabled!
[    1.571403] ACPI: Battery Slot [BAT0] (battery present)
[    1.573465] Serial: 8250/16550 driver, 32 ports, IRQ sharing enabled
[    1.597105] 00:02: ttyS0 at I/O 0x3f8 (irq = 4, base_baud = 115200) is a 16550A
[    1.604791] Linux agpgart interface v0.103
[    1.610458] loop: module loaded
[    1.612744] scsi host0: ata_piix
[    1.614555] scsi host1: ata_piix
[    1.616013] ata1: PATA max UDMA/33 cmd 0x1f0 ctl 0x3f6 bmdma 0xd000 irq 14
[    1.618441] ata2: PATA max UDMA/33 cmd 0x170 ctl 0x376 bmdma 0xd008 irq 15
[    1.621754] libphy: Fixed MDIO Bus: probed
[    1.623524] tun: Universal TUN/TAP device driver, 1.6
[    1.625617] tun: (C) 1999-2004 Max Krasnyansky <maxk@qualcomm.com>
[    1.627759] PPP generic driver version 2.4.2
[    1.629870] ehci_hcd: USB 2.0 'Enhanced' Host Controller (EHCI) Driver
[    1.631952] ehci-pci: EHCI PCI platform driver
[    1.633566] ehci-platform: EHCI generic platform driver
[    1.635385] ohci_hcd: USB 1.1 'Open' Host Controller (OHCI) Driver
[    1.637497] ohci-pci: OHCI PCI platform driver
[    1.639120] ohci-platform: OHCI generic platform driver
[    1.641270] uhci_hcd: USB Universal Host Controller Interface driver
[    1.643548] i8042: PNP: PS/2 Controller [PNP0303:PS2K,PNP0f03:PS2M] at 0x60,0x64 irq 1,12
[    1.647385] serio: i8042 KBD port at 0x60,0x64 irq 1
[    1.649191] serio: i8042 AUX port at 0x60,0x64 irq 12
[    1.651890] mousedev: PS/2 mouse device common for all mice
[    1.654499] input: AT Translated Set 2 keyboard as /devices/platform/i8042/serio0/input/input2
[    1.658865] rtc_cmos rtc_cmos: rtc core: registered rtc_cmos as rtc0
[    1.661322] rtc_cmos rtc_cmos: alarms up to one day, 114 bytes nvram
[    1.663516] i2c /dev entries driver
[    1.665074] device-mapper: uevent: version 1.0.3
[    1.666870] device-mapper: ioctl: 4.34.0-ioctl (2015-10-28) initialised: dm-devel@redhat.com
[    1.670191] ledtrig-cpu: registered to indicate activity on CPUs
[    1.673377] NET: Registered protocol family 10
[    1.675277] NET: Registered protocol family 17
[    1.676937] Key type dns_resolver registered
[    1.678937] registered taskstats version 1
[    1.680180] Loading compiled-in X.509 certificates
[    1.682645] Loaded X.509 cert 'Build time autogenerated kernel key: 0ed82eac04367aa6426493b1389455ebf6830eaa'
[    1.686458] zswap: loaded using pool lzo/zbud
[    1.690174] Key type trusted registered
[    1.696068] Key type encrypted registered
[    1.697946] AppArmor: AppArmor sha1 policy hashing enabled
[    1.700128] ima: No TPM chip found, activating TPM-bypass!
[    1.702463] ima: Allocated hash algorithm: sha1
[    1.704617] evm: HMAC attrs: 0x1
[    1.706574]   Magic number: 7:176:523
[    1.708136] rtc_cmos rtc_cmos: setting system clock to 2019-10-11 08:31:20 UTC (1570782680)
[    1.711558] BIOS EDD facility v0.16 2004-Jun-25, 0 devices found
[    1.713712] EDD information not available.
[    1.779715] Freeing unused kernel memory: 1484K
[    1.783047] Write protecting the kernel read-only data: 14336k
[    1.787963] Freeing unused kernel memory: 1608K
[    1.791482] Freeing unused kernel memory: 64K
Loading, please wait...
starting version 229
[    1.827829] random: systemd-udevd: uninitialized urandom read (16 bytes read, 5 bits of entropy available)
[    1.830153] random: udevadm: uninitialized urandom read (16 bytes read, 5 bits of entropy available)
[    1.830214] random: udevadm: uninitialized urandom read (16 bytes read, 5 bits of entropy available)
[    1.849475] random: systemd-udevd: uninitialized urandom read (16 bytes read, 5 bits of entropy available)
[    1.854988] random: systemd-udevd: uninitialized urandom read (16 bytes read, 5 bits of entropy available)
[    1.857308] random: udevadm: uninitialized urandom read (16 bytes read, 5 bits of entropy available)
[    1.857531] random: udevadm: uninitialized urandom read (16 bytes read, 5 bits of entropy available)
[    1.857962] random: udevadm: uninitialized urandom read (16 bytes read, 5 bits of entropy available)
[    1.858119] random: udevadm: uninitialized urandom read (16 bytes read, 5 bits of entropy available)
[    1.858276] random: udevadm: uninitialized urandom read (16 bytes read, 5 bits of entropy available)
[    1.953880] e1000: Intel(R) PRO/1000 Network Driver - version 7.3.21-k8-NAPI
[    1.956852] e1000: Copyright (c) 1999-2006 Intel Corporation.
[    1.958990] Fusion MPT base driver 3.04.20
[    1.961211] Copyright (c) 1999-2008 LSI Corporation
[    1.970256] Fusion MPT SPI Host driver 3.04.20
[    2.008507] AVX2 version of gcm_enc/dec engaged.
[    2.010759] AES CTR mode by8 optimization enabled
[    2.172390] input: ImExPS/2 Generic Explorer Mouse as /devices/platform/i8042/serio1/input/input4
[    2.451990] e1000 0000:00:03.0 eth0: (PCI:33MHz:32-bit) 02:0e:9b:2d:5b:92
[    2.455706] e1000 0000:00:03.0 eth0: Intel(R) PRO/1000 Network Connection
[    2.461980] e1000 0000:00:03.0 enp0s3: renamed from eth0
[    2.464676] mptbase: ioc0: Initiating bringup
[    2.538524] ioc0: LSI53C1030 A0: Capabilities={Initiator}
[    2.706237] scsi host2: ioc0: LSI53C1030 A0, FwRev=00000000h, Ports=1, MaxQ=256, IRQ=20
[    2.825714] scsi 2:0:0:0: Direct-Access     VBOX     HARDDISK         1.0  PQ: 0 ANSI: 5
[    2.829741] scsi target2:0:0: Beginning Domain Validation
[    2.834865] scsi target2:0:0: Domain Validation skipping write tests
[    2.837417] scsi target2:0:0: Ending Domain Validation
[    2.839943] scsi target2:0:0: asynchronous
[    2.842931] scsi 2:0:1:0: Direct-Access     VBOX     HARDDISK         1.0  PQ: 0 ANSI: 5
[    2.846987] scsi target2:0:1: Beginning Domain Validation
[    2.851049] scsi target2:0:1: Domain Validation skipping write tests
[    2.853096] scsi target2:0:1: Ending Domain Validation
[    2.855537] scsi target2:0:1: asynchronous
[    2.898425] sd 2:0:0:0: [sda] 20971520 512-byte logical blocks: (10.7 GB/10.0 GiB)
[    2.898557] sd 2:0:0:0: Attached scsi generic sg0 type 0
[    2.899815] sd 2:0:1:0: [sdb] 20480 512-byte logical blocks: (10.5 MB/10.0 MiB)
[    2.900191] sd 2:0:1:0: [sdb] Write Protect is off
[    2.900444] sd 2:0:1:0: Attached scsi generic sg1 type 0
[    2.900516] sd 2:0:1:0: [sdb] Incomplete mode parameter data
[    2.900518] sd 2:0:1:0: [sdb] Assuming drive cache: write through
[    2.908060] sd 2:0:1:0: [sdb] Attached SCSI disk
[    2.922041] sd 2:0:0:0: [sda] Write Protect is off
[    2.924681] sd 2:0:0:0: [sda] Incomplete mode parameter data
[    2.927318] sd 2:0:0:0: [sda] Assuming drive cache: write through
[    2.933806]  sda: sda1
[    2.936397] sd 2:0:0:0: [sda] Attached SCSI disk
Begin: Loading essential drivers ... [    4.785920] md: linear personality registered for level -1
[    4.791412] md: multipath personality registered for level -4
[    4.797393] md: raid0 personality registered for level 0
[    4.806048] md: raid1 personality registered for level 1
[    4.880862] raid6: sse2x1   gen()  7009 MB/s
[    4.948550] raid6: sse2x1   xor()  4661 MB/s
[    5.016608] raid6: sse2x2   gen()  7254 MB/s
[    5.084853] raid6: sse2x2   xor()  4904 MB/s
[    5.152658] raid6: sse2x4   gen()  8484 MB/s
[    5.221313] raid6: sse2x4   xor()  5333 MB/s
[    5.288624] raid6: avx2x1   gen() 11753 MB/s
[    5.356811] raid6: avx2x2   gen() 10624 MB/s
[    5.428623] raid6: avx2x4   gen() 18156 MB/s
[    5.429840] raid6: using algorithm avx2x4 gen() 18156 MB/s
[    5.431285] raid6: using avx2x2 recovery algorithm
[    5.435130] xor: automatically using best checksumming function:
[    5.476533]    avx       : 13709.000 MB/sec
[    5.480597] async_tx: api initialized (async)
[    5.495267] md: raid6 personality registered for level 6
[    5.497260] md: raid5 personality registered for level 5
[    5.498991] md: raid4 personality registered for level 4
[    5.511084] md: raid10 personality registered for level 10
done.
Begin: Running /scripts/init-premount ... done.
Begin: Mounting root file system ... Begin: Running /scripts/local-top ... done.
Begin: Running /scripts/local-premount ... [    5.572929] Btrfs loaded
Scanning for Btrfs filesystems
done.
Warning: fsck not present, so skipping root file system
[    5.629721] EXT4-fs (sda1): mounted filesystem with ordered data mode. Opts: (null)
done.
Begin: Running /scripts/local-bottom ... done.
Begin: Running /scripts/init-bottom ... done.
[    5.826773] systemd[1]: systemd 229 running in system mode. (+PAM +AUDIT +SELINUX +IMA +APPARMOR +SMACK +SYSVINIT +UTMP +LIBCRYPTSETUP +GCRYPT +GNUTLS +ACL +XZ -LZ4 +SECCOMP +BLKID +ELFUTILS +KMOD -IDN)
[    5.837250] systemd[1]: Detected virtualization oracle.
[    5.840186] systemd[1]: Detected architecture x86-64.

Welcome to [1mUbuntu 16.04.6 LTS[0m!

[    5.849869] systemd[1]: Set hostname to <ubuntu>.
[    5.857528] systemd[1]: Initializing machine ID from random generator.
[    5.861698] systemd[1]: Installed transient /etc/machine-id file.
[    6.243843] systemd[1]: Set up automount Arbitrary Executable File Formats File System Automount Point.
[[0;32m  OK  [0m] Set up automount Arbitrary Executab...ats File System Automount Point.
[    6.254155] systemd[1]: Listening on udev Kernel Socket.
[[0;32m  OK  [0m] Listening on udev Kernel Socket.
[    6.259075] systemd[1]: Listening on udev Control Socket.
[[0;32m  OK  [0m] Listening on udev Control Socket.
[    6.265693] systemd[1]: Created slice User and Session Slice.
[[0;32m  OK  [0m] Created slice User and Session Slice.
[    6.270840] systemd[1]: Started Trigger resolvconf update for networkd DNS.
[[0;32m  OK  [0m] Started Trigger resolvconf update for networkd DNS.
[    6.299627] systemd[1]: Listening on Device-mapper event daemon FIFOs.
[[0;32m  OK  [0m] Listening on Device-mapper event daemon FIFOs.
[    6.496501] systemd[1]: Listening on Journal Audit Socket.
[[0;32m  OK  [0m] Listening on Journal Audit Socket.
[    6.500318] systemd[1]: Started Forward Password Requests to Wall Directory Watch.
[[0;32m  OK  [0m] Started Forward Password Requests to Wall Directory Watch.
[    6.505174] systemd[1]: Reached target User and Group Name Lookups.
[[0;32m  OK  [0m] Reached target User and Group Name Lookups.
[    6.509441] systemd[1]: Created slice System Slice.
[[0;32m  OK  [0m] Created slice System Slice.
[    6.513054] systemd[1]: Listening on Journal Socket (/dev/log).
[[0;32m  OK  [0m] Listening on Journal Socket (/dev/log).
[    6.516799] systemd[1]: Listening on LVM2 metadata daemon socket.
[[0;32m  OK  [0m] Listening on LVM2 metadata daemon socket.
[    6.521039] systemd[1]: Created slice system-serial\x2dgetty.slice.
[[0;32m  OK  [0m] Created slice system-serial\x2dgetty.slice.
[    6.525494] systemd[1]: Reached target Slices.
[[0;32m  OK  [0m] Reached target Slices.
[    6.705214] systemd[1]: Listening on Journal Socket.
[[0;32m  OK  [0m] Listening on Journal Socket.
[    6.733448] systemd[1]: Starting Remount Root and Kernel File Systems...
         Starting Remount Root and Kernel File Systems...
[    6.738662] systemd[1]: Starting Set console keymap...
[    6.742940] EXT4-fs (sda1): re-mounted. Opts: (null)
         Starting Set console keymap...
[    6.746671] systemd[1]: Starting Create list of required static device nodes for the current kernel...
         Starting Create list of required st... nodes for the current kernel...
[    6.753237] systemd[1]: Starting Monitoring of LVM2 mirrors, snapshots etc. using dmeventd or progress polling...
         Starting Monitoring of LVM2 mirrors... dmeventd or progress polling...
[    6.759967] systemd[1]: Mounting POSIX Message Queue File System...
         Mounting POSIX Message Queue File System...
[    6.770456] systemd[1]: Starting Load Kernel Modules...
         Starting Load Kernel Modules...
[    6.774515] systemd[1]: Starting Uncomplicated firewall...
         Starting Uncomplicated firewall...
[    6.781133] systemd[1]: Starting Nameserver information manager...
         Starting Nameserver information manager...
[    6.794526] systemd[1]: Reached target Swap.
[[0;32m  OK  [0m] Reached target Swap.
[    6.798753] systemd[1]: Listening on Syslog Socket.
[[0;32m  OK  [0m] Listening on Syslog Socket.
[    6.808709] Loading iSCSI transport class v2.0-870.
[    6.818893] iscsi: registered transport (tcp)
[    6.821673] systemd[1]: Starting Journal Service...
         Starting Journal Service...
[    6.825817] systemd[1]: Listening on /dev/initctl Compatibility Named Pipe.
[[0;32m  OK  [0m] Listening on /dev/initctl Compatibility Named Pipe.
[    6.834330] systemd[1]: Listening on LVM2 poll daemon socket.
[[0;32m  OK  [0m] Listening on LVM2 poll daemon socket.
[    6.844814] systemd[1]: Reached target System Time Synchronized.
[[0;32m  OK  [0m] Reached target System Time Synchronized.
[    6.849423] systemd[1]: Reached target Encrypted Volumes.
[[0;32m  OK  [0m] Reached target Encrypted Volumes.
[    6.872712] systemd[1]: Mounting Debug File System...
         Mounting Debug File System...
[    6.877521] systemd[1]: Mounting Huge Pages File System...
         Mounting Huge Pages File System...
[    6.885585] systemd[1]: Mounted POSIX Message Queue File System.
[[0;32m  OK  [0m] Mounted POSIX Message Queue File System.
[    6.889271] systemd[1]: Mounted Debug File System.
[[0;32m  OK  [0m] Mounted Debug File System.
[    6.892362] systemd[1]: Mounted Huge Pages File System.
[[0;32m  OK  [0m] Mounted Huge Pages File System.
[    6.895861] systemd[1]: Started Journal Service.
[[0;32m  OK  [0m] Started Journal Service.
[[0;32m  OK  [0m] Started Remount Root and Kernel File Systems.
[[0;32m  OK  [0m] Started Create list of required sta...ce nodes for the current kernel.
[[0;32m  OK  [0m] Started Uncomplicated firewall.
[    6.908869] iscsi: registered transport (iser)
[[0;32m  OK  [0m] Started Load Kernel Modules.
[[0;32m  OK  [0m] Started Nameserver information manager.
[[0;32m  OK  [0m] Started Set console keymap.
[[0;32m  OK  [0m] Started LVM2 metadata daemon.
[    7.026838] random: nonblocking pool is initialized
         Starting Apply Kernel Variables...
         Mounting FUSE Control File System...
         Starting Create Static Device Nodes in /dev...
         Starting Load/Save Random Seed...
         Starting udev Coldplug all Devices...
         Starting Flush Journal to Persistent Storage...
[[0;32m  OK  [0m] Mounted FUSE Control File System.
[[0;32m  OK  [0m] Started Apply Kernel Variables.
[[0;32m  OK  [0m] Started Load/Save Random Seed.
[[0;32m  OK  [0m] Started Create Static Device Nodes in /dev.
[[0;32m  OK  [0m] Started udev Coldplug all Devices.
[[0;32m  OK  [0m] Started Flush Journal to Persistent Storage.
         Starting udev Kernel Device Manager...
[[0;32m  OK  [0m] Started udev Kernel Device Manager.
[[0;32m  OK  [0m] Started Dispatch Password Requests to Console Directory Watch.
[[0;32m  OK  [0m] Found device /dev/ttyS0.
[[0;32m  OK  [0m] Started Monitoring of LVM2 mirrors,...ng dmeventd or progress polling.
[[0;32m  OK  [0m] Reached target Local File Systems (Pre).
[[0;32m  OK  [0m] Reached target Local File Systems.
         Starting Commit a transient machine-id on disk...
         Starting LSB: AppArmor initialization...
         Starting Initial cloud-init job (pre-networking)...
         Starting Tell Plymouth To Write Out Runtime Data...
         Starting Set console font and keymap...
         Starting Create Volatile Files and Directories...
[[0;32m  OK  [0m] Started Tell Plymouth To Write Out Runtime Data.
[[0;32m  OK  [0m] Started Commit a transient machine-id on disk.
[[0;32m  OK  [0m] Started Create Volatile Files and Directories.
         Starting Update UTMP about System Boot/Shutdown...
[[0;32m  OK  [0m] Listening on Load/Save RF Kill Switch Status /dev/rfkill Watch.
[[0;32m  OK  [0m] Started Update UTMP about System Boot/Shutdown.
[[0;32m  OK  [0m] Started Initial cloud-init job (pre-networking).
[[0;32m  OK  [0m] Reached target Network (Pre).
[    9.821849] cloud-init[501]: Cloud-init v. 19.2-36-g059d049c-0ubuntu1~16.04.1 running 'init-local' at Fri, 11 Oct 2019 08:31:28 +0000. Up 8.90 seconds.
[[0;32m  OK  [0m] Started Set console font and keymap.
[[0;32m  OK  [0m] Created slice system-getty.slice.
[[0;32m  OK  [0m] Started LSB: AppArmor initialization.
         Starting Raise network interfaces...
[[0;32m  OK  [0m] Started Raise network interfaces.
[[0;32m  OK  [0m] Reached target Network.
         Starting Initial cloud-init job (metadata service crawler)...
[   13.523212] cloud-init[950]: Cloud-init v. 19.2-36-g059d049c-0ubuntu1~16.04.1 running 'init' at Fri, 11 Oct 2019 08:31:31 +0000. Up 12.42 seconds.
[   13.527624] cloud-init[950]: ci-info: +++++++++++++++++++++++++++++++++++++Net device info++++++++++++++++++++++++++++++++++++++
[   13.530285] cloud-init[950]: ci-info: +--------+------+---------------------------+---------------+--------+-------------------+
[   13.533451] cloud-init[950]: ci-info: | Device |  Up  |          Address          |      Mask     | Scope  |     Hw-Address    |
[   13.538312] cloud-init[950]: ci-info: +--------+------+---------------------------+---------------+--------+-------------------+
[   13.544214] cloud-init[950]: ci-info: | enp0s3 | True |         10.0.2.15         | 255.255.255.0 | global | 02:0e:9b:2d:5b:92 |
[   13.548425] cloud-init[950]: ci-info: | enp0s3 | True | fe80::e:9bff:fe2d:5b92/64 |       .       |  link  | 02:0e:9b:2d:5b:92 |
[   13.554048] cloud-init[950]: ci-info: |   lo   | True |         127.0.0.1         |   255.0.0.0   |  host  |         .         |
[   13.568671] cloud-init[950]: ci-info: |   lo   | True |          ::1/128          |       .       |  host  |         .         |
[   13.573363] cloud-init[950]: ci-info: +--------+------+---------------------------+---------------+--------+-------------------+
[   13.577014] cloud-init[950]: ci-info: +++++++++++++++++++++++++++Route IPv4 info++++++++++++++++++++++++++++
[   13.580052] cloud-init[950]: ci-info: +-------+-------------+----------+---------------+-----------+-------+
[   13.583194] cloud-init[950]: ci-info: | Route | Destination | Gateway  |    Genmask    | Interface | Flags |
[   13.586038] cloud-init[950]: ci-info: +-------+-------------+----------+---------------+-----------+-------+
[   13.589726] cloud-init[950]: ci-info: |   0   |   0.0.0.0   | 10.0.2.2 |    0.0.0.0    |   enp0s3  |   UG  |
[   13.592698] cloud-init[950]: ci-info: |   1   |   10.0.2.0  | 0.0.0.0  | 255.255.255.0 |   enp0s3  |   U   |
[   13.596261] cloud-init[950]: ci-info: +-------+-------------+----------+---------------+-----------+-------+
[   13.601545] [[0;32m  OK  [0m] Started Initial cloud-init job (metadata service crawler).
cloud-init[950]: ci-info: +++++++++++++++++++Route IPv6 info+++++++++++++++++++
[   13.604541] cloud-init[950]: ci-info: +-------+-------------+---------+-----------+-------+
[   13.606644] cloud-init[950]: ci-info: | Route | Destination | Gateway | Interface | Flags |
[   13.608726] cloud-init[950]: ci-info: +-------+-------------+---------+-----------+-------+
[   13.610879] [[0;32m  OK  [0m] Reached target System Initialization.
         Starting Socket activation for snappy daemon.
[[0;32m  OK  [0m] Listening on UUID daemon activation socket.
cloud-init[950]: ci-info: |   0   |  fe80::/64  |    ::   |   enp0s3  |   U   |
[   13.619010] cloud-init[950]: ci-info: |   3   |   ff00::/8  |    ::   |   enp0s3  |   U   |
[   13.620953] [[0;32m  OK  [0m] Started ACPI Events Check.
[[0;32m  OK  [0m] Reached target Paths.
[[0;32m  OK  [0m] Started Daily Cleanup of Temporary Directories.
cloud-init[950]: ci-info: +-------+-------------+---------+-----------+-------+         Starting LXD - unix socket.
[[0;32m  OK  [0m] Listening on ACPID Listen Socket.
[[0;32m  OK  [0m] Listening on D-Bus System Message Bus Socket.
[[0;32m  OK  [0m] Started Daily apt download activities.
[[0;32m  OK  [0m] Started Daily apt upgrade and clean activities.
[[0;32m  OK  [0m] Reached target Timers.
[[0;32m  OK  [0m] Reached target Network is Online.

[   13.630717] cloud-init[950]: Generating public/private rsa key pair.
[   13.632791] cloud-init[950]: Your identification has been saved in /etc/ssh/ssh_host_rsa_key.
[   13.634882] cloud-init[950]: Your public key has been saved in /etc/ssh/ssh_host_rsa_key.pub.
[   13.637034] cloud-init[950]: The key fingerprint is:
[   13.638676] cloud-init[950]: SHA256:dJTvLAu98PLjFR8LPsq+nDObvaPe4J7MqkWZV7cqjA4 root@ubuntu-xenial
[   13.640728] cloud-init         Starting iSCSI initiator daemon (iscsid)...
[[0;32m  OK  [0m] Reached target Cloud-config availability.
[950]: The key's randomart image is:
[   13.644129] cloud-init[950]: +---[RSA 2048]----+
[   13.646496] cloud-init[[0;32m  OK  [0m] Listening on Socket activation for snappy daemon.
[[950]: [0;32m  OK  [0m] Listening on LXD - unix socket.
|          ..     |
[   13.650765] cloud-init[950]: |         ..      |
[   13.652373] cloud-init[950]: |        . ... .  |
[   13.656056] cloud-init[950]: [[0;32m  OK  [0m] Reached target Sockets.
[[0;32m  OK  [0m] Reached target Basic System.
|       . + ... . |[[0;32m  OK  [0m] Started Deferred execution scheduler.
         Starting System Logging Service...

[   13.662883]          Starting LSB: Record successful boot for GRUB...
cloud-init[950]: |        S..oo o  |
[   13.669339] cloud-init[950]: |       .o+o.o= o |
         Starting /etc/rc.local Compatibility...
[   13.671662] cloud-init[950]: |      E o+++= o  |
[   13.674520] cloud-init[950]: |       +.*B@..   |
[   13.676290] [[0;32m  OK  [0m] Started Regular background program processing daemon.
cloud-init[950]:          Starting Accounts Service...
|      ..oO^B+o   |
[   13.686095]          Starting LXD - container startup/shutdown...
cloud-init[950]:          Starting LSB: MD monitoring daemon...
         Starting Login Service...
[[0;32m  OK  [0m] Started D-Bus System Message Bus.
+----[SHA256]-----+
[   13.709574] cloud-init[950]: Generating public/private dsa key pair.
[   13.712482] cloud-init[950]: Your identification has been saved in /etc/ssh/ssh_host_dsa_key.
[   13.716597] cloud-init[950]: Your public key has been saved in /etc/ssh/ssh_host_dsa_key.pub.
[   13.718945] cloud-init[950]: The key fingerprint is:
[   13.720516] cloud-init[950]: SHA256:+m6zZKrH616+N5PN5shBjWLMmS9eWQ+Q0rKLCltU9RQ root@ubuntu-xenial
[   13.723488] cloud-init[950]: The key's randomart image is:
[   13.725930] cloud-init[950]: +---[DSA 1024]----+
[   13.729155] cloud-init[950]: |        . E.     |
[   13.731202] cloud-init[950]: |       . + .     |
[   13.733188] cloud-init[950]: |      . o =      |
[   13.737045] cloud-init[950]: |     . o * +     |
[   13.739571] cloud-init[950]: |    .   S o +    |
[   13.742741] cloud-init[950]: |   .   + = o o   |
[   13.744701] cloud-init[950]: |  . ..o * =+  .  |
[   13.747164] cloud-init[950]: |   + .oOo+=o+    |
[   13.756527] cloud-init[950]: |  . o==+B=o=.    |
[   13.759468] cloud-init[950]: +----[SHA256]-----+
[   13.762335] cloud-init[950]: Generating public/private ecdsa key pair.
[   13.764753] cloud-init[950]: Your identification has been saved in /etc/ssh/ssh_host_ecdsa_key.
[   13.768093] cloud-init[950]: Your public key has been saved in /etc/ssh/ssh_host_ecdsa_key.pub.
[   13.771110] cloud-init[950]: The key fingerprint is:
[   13.773532] cloud-init[950]: SHA256:T7RbS0hPvaVWnKKf91AL75GI0MnV20e1bjxOCARJzRY root@ubuntu-xenial
[   13.776363] cloud-init[950]: The key's randomart image is:
[   13.778774] cloud-init[950]: +---[ECDSA 256]---+
[   13.781023] cloud-init[950]: |        .o=E.   .|
[   13.783253] cloud-init[950]: |         ..+ ...+|
[   13.785599] cloud-init[950]: |          +..o.+=|
[   13.788121] cloud-init[950]: |         oo== =*o|
[   13.790070] cloud-init[950]: |        S.+=+o+B+|
[   13.792447] cloud-init[950]: |         o.+ooO.=|
[   13.794806] cloud-init[950]: |          o..+.B |
[   13.796998] cloud-init[950]: |              o.o|
[   13.799691] cloud-init[950]: |               ..|
[   13.801849] cloud-init[950]: +----[SHA256]-----+
[   13.804067]          Starting Pollinate to seed the pseudo random number generator...
cloud-init[950]: [[0;32m  OK  [0m] Started ACPI event daemon.
Generating public/private ed25519 key pair.[[0;32m  OK  [0m] Started FUSE filesystem for LXC.

         Starting Virtualbox guest utils...
[   13.811606] cloud-init[950]: Your identification has been saved in /etc/ssh/ssh_host_ed25519_key.
[   13.814973] cloud-init[950]: Your public key has been saved in /etc/ssh/ssh_host_ed25519_key.pub.
[   13.818569] cloud-init[950]: The key fingerprint is:
         Starting Snappy daemon...
[[0;32m  OK  [0m] Started System Logging Service.
[[0;32m  OK  [0m] Started /etc/rc.local Compatibility.
[   13.835970] cloud-init[950]: SHA256:2f1H7pC3gIA81kz/GtuPBVuhVjRtmmDBUuwxtQdf5ZQ root@ubuntu-xenial
[   13.849649] cloud-init[950]: The key's randomart image is:
[   13.855890] cloud-init[950]: +--[ED25519 256]--+
[   13.857594] cloud-init[950]: |           +ooooB|
[   13.858820] cloud-init[950]: |          . B .E=|
[   13.859047] cloud-init[950]: |         . + +.*+|
[   13.859654] cloud-init[950]: |      . =o... =..|
[   13.860028] cloud-init[950]: |       =S+...+ ..|
[   13.861511] cloud-init[950]: |      . . . +.++ |
[   13.862109] cloud-init[950]: |           o ++.+|
[   13.862704] cloud-init[950]: |            = +=.|
[   13.863646] cloud-init[950]: |           o o.o.|
[[0;32m  OK  [0m] [   13.869267] cloud-init[950]: +----[SHA256]-----+
Started iSCSI initiator daemon (iscsid).
[[0;32m  OK  [0m] Started LXD - container startup/shutdown.
[[0;32m  OK  [0m] Started LSB: Record successful boot for GRUB.
[[0;32m  OK  [0m] Started LSB: MD monitoring daemon.
[[0;32m  OK  [0m] Started Login Service.
[[0;32m  OK  [0m] Started Unattended Upgrades Shutdown.
         Starting Authenticate and Authorize Users to Run Privileged Tasks...
         Starting Login to default iSCSI targets...
[[0;32m  OK  [0m] Started Authenticate and Authorize Users to Run Privileged Tasks.
[[0;32m  OK  [0m] Started Accounts Service.
[[0;32m  OK  [0m] Started Login to default iSCSI targets.
[[0;32m  OK  [0m] Reached target Remote File Systems (Pre).
[[0;32m  OK  [0m] Reached target Remote File Systems.
         Starting LSB: Set the CPU Frequency Scaling governor to "ondemand"...
         Starting LSB: daemon to balance interrupts for SMP systems...
         Starting Permit User Sessions...
         Starting LSB: automatic crash report generation...
[[0;32m  OK  [0m] Started Virtualbox guest utils.
[[0;32m  OK  [0m] Started Permit User Sessions.
[[0;32m  OK  [0m] Started LSB: Set the CPU Frequency Scaling governor to "ondemand".
         Starting Hold until boot process finishes up...
         Starting Terminate Plymouth Boot Screen...
[[0;32m  OK  [0m] Started Hold until boot process finishes up.
[[0;32m  OK  [0m] Started Terminate Plymouth Boot Screen.
[[0;32m  OK  [0m] Started Serial Getty on ttyS0.
[[0;32m  OK  [0m] Started Getty on tty1.
[[0;32m  OK  [0m] Reached target Login Prompts.
         Starting Set console scheme...
[[0;32m  OK  [0m] Started LSB: daemon to balance interrupts for SMP systems.
[[0;32m  OK  [0m] Started LSB: automatic crash report generation.
[[0;32m  OK  [0m] Started Set console scheme.
[[0;32m  OK  [0m] Started Pollinate to seed the pseudo random number generator.
         Starting OpenBSD Secure Shell server...
[[0;32m  OK  [0m] Started Snappy daemon.
         Starting Wait until snapd is fully seeded...
[[0;32m  OK  [0m] Started OpenBSD Secure Shell server.
[[0;32m  OK  [0m] Created slice User Slice of vagrant.
         Starting User Manager for UID 1000...
[[0;32m  OK  [0m] Started Session 1 of user vagrant.
[[0;32m  OK  [0m] Started User Manager for UID 1000.
[[0;32m  OK  [0m] Started Wait until snapd is fully seeded.
[[0;32m  OK  [0m] Reached target Multi-User System.
[[0;32m  OK  [0m] Reached target Graphical Interface.
         Starting Update UTMP about System Runlevel Changes...
         Starting Apply the settings specified in cloud-config...
[[0;32m  OK  [0m] Started Update UTMP about System Runlevel Changes.
[   16.785136] cloud-init[1378]: Generating locales (this might take a while)...
[   18.794934] cloud-init[1378]:   en_US.UTF-8... done
[   18.799051] cloud-init[1378]: Generation complete.
[   19.319672] cloud-init[1378]: Cloud-init v. 19.2-36-g059d049c-0ubuntu1~16.04.1 running 'modules:config' at Fri, 11 Oct 2019 08:31:35 +0000. Up 16.46 seconds.
ci-info: no authorized ssh keys fingerprints found for user ubuntu.
<14>Oct 11 08:31:39 ec2: 
<14>Oct 11 08:31:39 ec2: #############################################################
<14>Oct 11 08:31:39 ec2: -----BEGIN SSH HOST KEY FINGERPRINTS-----
<14>Oct 11 08:31:39 ec2: 1024 SHA256:+m6zZKrH616+N5PN5shBjWLMmS9eWQ+Q0rKLCltU9RQ root@ubuntu-xenial (DSA)
<14>Oct 11 08:31:39 ec2: 256 SHA256:T7RbS0hPvaVWnKKf91AL75GI0MnV20e1bjxOCARJzRY root@ubuntu-xenial (ECDSA)
<14>Oct 11 08:31:39 ec2: 256 SHA256:2f1H7pC3gIA81kz/GtuPBVuhVjRtmmDBUuwxtQdf5ZQ root@ubuntu-xenial (ED25519)
<14>Oct 11 08:31:39 ec2: 2048 SHA256:dJTvLAu98PLjFR8LPsq+nDObvaPe4J7MqkWZV7cqjA4 root@ubuntu-xenial (RSA)
<14>Oct 11 08:31:39 ec2: -----END SSH HOST KEY FINGERPRINTS-----
<14>Oct 11 08:31:39 ec2: #############################################################
-----BEGIN SSH HOST KEY KEYS-----
ecdsa-sha2-nistp256 AAAAE2VjZHNhLXNoYTItbmlzdHAyNTYAAAAIbmlzdHAyNTYAAABBBIlKbHpMxq7qlJJhgEkWFu0v8Qed59TBWbye63plYPgIdtcBuwHxaSSbOgp1osFTWIXp7YBQ2MVIfJjmq6N8uxY= root@ubuntu-xenial
ssh-ed25519 AAAAC3NzaC1lZDI1NTE5AAAAICa9VoKEQGgtDWuZi6n4gITyJhpywAXFHUy+WPVNkPXQ root@ubuntu-xenial
ssh-rsa AAAAB3NzaC1yc2EAAAADAQABAAABAQC8+D55VEPjsLHdaVy7RRfFF50GZguEyXVIEUvg4GeOvcrmBs38Z6Wp779EOrbvAq4TXPh/Wj51RGVmVtZeEnbbHFjoQH4XZUGGB9v+nrXkXbisHm9nTrIPPGv0M8HADm2gBLN9sA+QIuiIIaovSTc7YcOmPH0uVBM2L3eFIWOlfH9dkC8Q170nV6gcFRAGktdDdWmYoCye4UQKy8rhfUzhJJebfYqSeC4EkwcrW3lXt+fj/awy7YfyGOFxA2Gou4yXunsSdUaWTGjlq5QgG6q7VJX8NWe1QQWGcNcPI5+7AazhqhOc8oqTo5G2GmMBsUUnCQV7nMYlIOQaQy+yM/3p root@ubuntu-xenial
-----END SSH HOST KEY KEYS-----

Ubuntu 16.04.6 LTS ubuntu-xenial ttyS0

ubuntu-xenial login: [   20.435283] cloud-init[1542]: Cloud-init v. 19.2-36-g059d049c-0ubuntu1~16.04.1 running 'modules:final' at Fri, 11 Oct 2019 08:31:39 +0000. Up 20.07 seconds.
[   20.437870] cloud-init[1542]: ci-info: no authorized ssh keys fingerprints found for user ubuntu.
[   20.440795] cloud-init[1542]: Cloud-init v. 19.2-36-g059d049c-0ubuntu1~16.04.1 finished at Fri, 11 Oct 2019 08:31:39 +0000. Datasource DataSourceNoCloud [seed=/dev/sdb][dsmode=net].  Up 20.41 seconds
